\BOOKMARK [0][-]{chapter.1}{\376\377\000B\000e\000v\000e\000z\000e\000t\000\351\000s}{}% 1
\BOOKMARK [0][-]{chapter.2}{\376\377\000G\000r\000\341\000f\000o\000k}{}% 2
\BOOKMARK [1][-]{section.2.1}{\376\377\000A\000l\000a\000p\000f\000o\000g\000a\000l\000m\000a\000k}{chapter.2}% 3
\BOOKMARK [1][-]{section.2.2}{\376\377\000G\000r\000\341\000f\000o\000k\000\040\000l\000e\000s\000z\000\341\000m\000l\000\341\000l\000\341\000s\000a}{chapter.2}% 4
\BOOKMARK [1][-]{section.2.3}{\376\377\000R\000\351\000s\000z\000g\000r\000\341\000f\000\040\000i\000z\000o\000m\000o\000r\000f\000i\000z\000m\000u\000s\000\040\000p\000r\000o\000b\000l\000\351\000m\000a}{chapter.2}% 5
\BOOKMARK [1][-]{section.2.4}{\376\377\000G\000r\000\341\000f\000o\000k\000\040\000s\000z\000\355\000n\000e\000z\000\351\000s\000e}{chapter.2}% 6
\BOOKMARK [1][-]{section.2.5}{\376\377\000\332\000t\000p\000r\000o\000b\000l\000\351\000m\000\341\000k}{chapter.2}% 7
\BOOKMARK [2][-]{subsection.2.5.1}{\376\377\000H\000a\000m\000i\000l\000t\000o\000n\000-\000k\000\366\000r\000\040\000p\000r\000o\000b\000l\000\351\000m\000a}{section.2.5}% 8
\BOOKMARK [2][-]{subsection.2.5.2}{\376\377\000M\000i\000n\000i\000m\000\341\000l\000i\000s\000\040\000f\000e\000s\000z\000\355\000t\001\121\000f\000a}{section.2.5}% 9
\BOOKMARK [2][-]{subsection.2.5.3}{\376\377\000K\000\355\000n\000a\000i\000p\000o\000s\000t\000\341\000s\000-\000p\000r\000o\000b\000l\000\351\000m\000a}{section.2.5}% 10
\BOOKMARK [2][-]{subsection.2.5.4}{\376\377\000K\000\366\000n\000i\000g\000s\000b\000e\000r\000g\000i\000\040\000h\000i\000d\000a\000k\000\040\000p\000r\000o\000b\000l\000\351\000m\000\341\000j\000a}{section.2.5}% 11
\BOOKMARK [2][-]{subsection.2.5.5}{\376\377\000L\000e\000g\000r\000\366\000v\000i\000d\000e\000b\000b\000\040\000\372\000t\000\040\000p\000r\000o\000b\000l\000\351\000m\000a}{section.2.5}% 12
\BOOKMARK [0][-]{chapter.3}{\376\377\000A\000z\000\040\000u\000t\000a\000z\000\363\000\040\000\374\000g\000y\000n\000\366\000k\000\040\000p\000r\000o\000b\000l\000\351\000m\000\341\000j\000a\000\040\000\050\000T\000S\000P\000\051}{}% 13
\BOOKMARK [1][-]{section.3.1}{\376\377\000A\000\040\000p\000r\000o\000b\000l\000\351\000m\000a\000\040\000k\000o\000m\000p\000l\000e\000x\000i\000t\000\341\000s\000a}{chapter.3}% 14
\BOOKMARK [1][-]{section.3.2}{\376\377\000A\000s\000z\000i\000m\000m\000e\000t\000r\000i\000k\000u\000s\000\040\000T\000S\000P}{chapter.3}% 15
\BOOKMARK [1][-]{section.3.3}{\376\377\000E\000g\000z\000a\000k\000t\000\040\000a\000l\000g\000o\000r\000i\000t\000m\000u\000s\000o\000k}{chapter.3}% 16
\BOOKMARK [2][-]{subsection.3.3.1}{\376\377\000B\000r\000u\000t\000e\000\040\000f\000o\000r\000c\000e}{section.3.3}% 17
\BOOKMARK [2][-]{subsection.3.3.2}{\376\377\000H\000e\000l\000d\000-\000K\000a\000r\000p\000\040\000a\000l\000g\000o\000r\000i\000t\000m\000u\000s}{section.3.3}% 18
\BOOKMARK [2][-]{subsection.3.3.3}{\376\377\000C\000o\000n\000c\000o\000r\000d\000e}{section.3.3}% 19
\BOOKMARK [1][-]{section.3.4}{\376\377\000H\000e\000u\000r\000i\000s\000z\000t\000i\000k\000u\000s\000\040\000a\000l\000g\000o\000r\000i\000t\000m\000u\000s\000o\000k}{chapter.3}% 20
\BOOKMARK [2][-]{subsection.3.4.1}{\376\377\000G\000r\000e\000e\000d\000y\000\040\000-\000\040\000l\000e\000g\000k\000\366\000z\000e\000l\000e\000b\000b\000i\000\040\000s\000z\000o\000m\000s\000z\000\351\000d}{section.3.4}% 21
\BOOKMARK [2][-]{subsection.3.4.2}{\376\377\0002\000-\000o\000p\000t\000\040\000a\000l\000g\000o\000r\000i\000t\000m\000u\000s}{section.3.4}% 22
\BOOKMARK [2][-]{subsection.3.4.3}{\376\377\000L\000i\000n\000-\000K\000e\000r\000n\000i\000g\000h\000a\000n\000\040\000h\000e\000u\000r\000i\000s\000z\000t\000i\000k\000a}{section.3.4}% 23
\BOOKMARK [0][-]{chapter.4}{\376\377\000T\000e\000c\000h\000n\000o\000l\000\363\000g\000i\000\341\000k}{}% 24
\BOOKMARK [1][-]{section.4.1}{\376\377\000A\000n\000d\000r\000o\000i\000d}{chapter.4}% 25
\BOOKMARK [1][-]{section.4.2}{\376\377\000G\000r\000a\000d\000l\000e}{chapter.4}% 26
\BOOKMARK [1][-]{section.4.3}{\376\377\000F\000i\000r\000e\000b\000a\000s\000e}{chapter.4}% 27
\BOOKMARK [1][-]{section.4.4}{\376\377\000M\000a\000p\000s\000\040\000A\000P\000I}{chapter.4}% 28
\BOOKMARK [0][-]{chapter.5}{\376\377\000G\000R\000o\000u\000t\000e\000s\000\040\000-\000\040\000a\000l\000k\000a\000l\000m\000a\000z\000\341\000s\000\040\000b\000e\000m\000u\000t\000a\000t\000\341\000s\000a}{}% 29
\BOOKMARK [1][-]{section.5.1}{\376\377\000F\000u\000n\000k\000c\000i\000o\000n\000a\000l\000i\000t\000\341\000s\000o\000k}{chapter.5}% 30
\BOOKMARK [2][-]{subsection.5.1.1}{\376\377\000B\000e\000j\000e\000l\000e\000n\000t\000k\000e\000z\000\351\000s}{section.5.1}% 31
\BOOKMARK [2][-]{subsection.5.1.2}{\376\377\000F\001\121\000m\000e\000n\000\374}{section.5.1}% 32
\BOOKMARK [2][-]{subsection.5.1.3}{\376\377\000K\000e\000r\000e\000s\000\351\000s\000i\000\040\000f\000e\000l\000\374\000l\000e\000t}{section.5.1}% 33
\BOOKMARK [2][-]{subsection.5.1.4}{\376\377\000K\000e\000d\000v\000e\000n\000c\000e\000k}{section.5.1}% 34
\BOOKMARK [2][-]{subsection.5.1.5}{\376\377\000M\000\372\000l\000t\000b\000e\000l\000i\000\040\000k\000e\000r\000e\000s\000\351\000s\000e\000k}{section.5.1}% 35
\BOOKMARK [2][-]{subsection.5.1.6}{\376\377\000B\000e\000\341\000l\000l\000\355\000t\000\341\000s\000o\000k}{section.5.1}% 36
\BOOKMARK [2][-]{subsection.5.1.7}{\376\377\000T\000\351\000r\000k\000\351\000p\000\040\000f\000e\000l\000\374\000l\000e\000t}{section.5.1}% 37
\BOOKMARK [1][-]{section.5.2}{\376\377\000A\000d\000a\000t\000b\000\341\000z\000i\000s}{chapter.5}% 38
\BOOKMARK [2][-]{subsection.5.2.1}{\376\377\000A\000u\000t\000e\000n\000t\000i\000k\000\341\000c\000i\000\363}{section.5.2}% 39
\BOOKMARK [2][-]{subsection.5.2.2}{\376\377\000K\000o\000l\000l\000e\000k\000c\000i\000\363\000k\000,\000\040\000D\000o\000k\000u\000m\000e\000n\000t\000u\000m\000o\000k}{section.5.2}% 40
\BOOKMARK [1][-]{section.5.3}{\376\377\000O\000s\000z\000t\000\341\000l\000y\000o\000k}{chapter.5}% 41
\BOOKMARK [2][-]{subsection.5.3.1}{\376\377\000A\000c\000t\000i\000v\000i\000t\000y\000-\000k}{section.5.3}% 42
\BOOKMARK [2][-]{subsection.5.3.2}{\376\377\000A\000s\000s\000i\000s\000t\000\040\000o\000s\000z\000t\000\341\000l\000y\000o\000k}{section.5.3}% 43
\BOOKMARK [2][-]{subsection.5.3.3}{\376\377\000\301\000l\000t\000a\000l\000\341\000n\000o\000s\000\040\000s\000e\000g\000\351\000d\000o\000s\000z\000t\000\341\000l\000y\000o\000k}{section.5.3}% 44
\BOOKMARK [2][-]{subsection.5.3.4}{\376\377\000E\000n\000t\000i\000t\000\341\000s\000\040\000o\000s\000z\000t\000\341\000l\000y\000o\000k}{section.5.3}% 45
\BOOKMARK [1][-]{section.5.4}{\376\377\000F\000e\000l\000m\000e\000r\000\374\000l\001\121\000\040\000p\000r\000o\000b\000l\000\351\000m\000\341\000k}{chapter.5}% 46
\BOOKMARK [2][-]{subsection.5.4.1}{\376\377\000A\000s\000z\000i\000n\000k\000r\000o\000n\000\040\000f\000\374\000g\000g\000v\000\351\000n\000y\000h\000\355\000v\000\341\000s\000o\000k}{section.5.4}% 47
\BOOKMARK [2][-]{subsection.5.4.2}{\376\377\000A\000d\000a\000t\000o\000k\000\040\000a\000k\000t\000u\000a\000l\000i\000z\000\341\000l\000\341\000s\000a\000\040\000a\000z\000\040\000a\000c\000t\000i\000v\000i\000t\000y\000-\000k\000\040\000k\000\366\000z\000\366\000t\000t}{section.5.4}% 48
\BOOKMARK [0][-]{chapter.6}{\376\377\000K\000\366\000v\000e\000t\000k\000e\000z\000t\000e\000t\000\351\000s\000e\000k}{}% 49
